0 info it worked if it ends with ok
1 verbose cli [
1 verbose cli   '/home/danilo/.nvm/versions/node/v17.3.1/bin/node',
1 verbose cli   '/home/danilo/node_modules/.bin/npm',
1 verbose cli   'run',
1 verbose cli   'client'
1 verbose cli ]
2 info using npm@2.15.12
3 info using node@v17.3.1
4 verbose run-script [ 'preclient', 'client', 'postclient' ]
5 info preclient delivery-manager@1.1.1
6 info client delivery-manager@1.1.1
7 verbose unsafe-perm in lifecycle true
8 info delivery-manager@1.1.1 Failed to exec client script
9 verbose stack Error: delivery-manager@1.1.1 client: `cd frontend && npm install && npm start`
9 verbose stack Exit status 1
9 verbose stack     at EventEmitter.<anonymous> (/home/danilo/node_modules/npm/lib/utils/lifecycle.js:217:16)
9 verbose stack     at EventEmitter.emit (node:events:390:28)
9 verbose stack     at ChildProcess.<anonymous> (/home/danilo/node_modules/npm/lib/utils/spawn.js:24:14)
9 verbose stack     at ChildProcess.emit (node:events:390:28)
9 verbose stack     at maybeClose (node:internal/child_process:1062:16)
9 verbose stack     at Process.ChildProcess._handle.onexit (node:internal/child_process:301:5)
10 verbose pkgid delivery-manager@1.1.1
11 verbose cwd /home/danilo/Documentos/Sistemas/delivery-manager
12 error Linux 5.15.6-200.fc35.x86_64
13 error argv "/home/danilo/.nvm/versions/node/v17.3.1/bin/node" "/home/danilo/node_modules/.bin/npm" "run" "client"
14 error node v17.3.1
15 error npm  v2.15.12
16 error code ELIFECYCLE
17 error delivery-manager@1.1.1 client: `cd frontend && npm install && npm start`
17 error Exit status 1
18 error Failed at the delivery-manager@1.1.1 client script 'cd frontend && npm install && npm start'.
18 error This is most likely a problem with the delivery-manager package,
18 error not with npm itself.
18 error Tell the author that this fails on your system:
18 error     cd frontend && npm install && npm start
18 error You can get information on how to open an issue for this project with:
18 error     npm bugs delivery-manager
18 error Or if that isn't available, you can get their info via:
18 error
18 error     npm owner ls delivery-manager
18 error There is likely additional logging output above.
19 verbose exit [ 1, true ]
